<?xml version="1.0" encoding="UTF-8"?>
<!-- Generated by org.testng.reporters.JUnitReportReporter -->
<testsuite hostname="DESKTOP-D8EKHJ3" failures="0" tests="2" name="Testpackage.Basic1" time="0.008" errors="0" timestamp="06 Aug 2019 19:52:11 GMT" skipped="0">
  <testcase classname="Testpackage.Basic1" name="bye" time="0.007"/>
  <testcase classname="Testpackage.Basic1" name="hi" time="0.001"/>
</testsuite> <!-- Testpackage.Basic1 -->
